<?xml version="1.0" encoding="utf-8" standalone="no"?>
<!--This file represents the results of running a test suite-->
<test-results name="C:\projects\LloydsTesting\build\artefacts\Lloyds.Specifications.dll" total="154" errors="0" failures="2" not-run="0" inconclusive="19" ignored="0" skipped="0" invalid="0" date="2012-08-08" time="22:27:56">
  <environment nunit-version="2.6.0.12051" clr-version="2.0.50727.5456" os-version="Microsoft Windows NT 6.1.7601 Service Pack 1" platform="Win32NT" cwd="C:\projects\LloydsTesting" machine-name="MARTIN-PC" user="Martin" user-domain="Martin-PC" />
  <culture-info current-culture="en-GB" current-uiculture="en-US" />
  <test-suite type="Assembly" name="C:\projects\LloydsTesting\build\artefacts\Lloyds.Specifications.dll" executed="True" result="Failure" success="False" time="916.958" asserts="0">
    <results>
      <test-suite type="Namespace" name="Lloyds" executed="True" result="Failure" success="False" time="916.951" asserts="0">
        <results>
          <test-suite type="Namespace" name="Specifications" executed="True" result="Failure" success="False" time="916.951" asserts="0">
            <results>
              <test-suite type="Namespace" name="Specs" executed="True" result="Failure" success="False" time="916.951" asserts="0">
                <results>
                  <test-suite type="Namespace" name="_20Modules" executed="True" result="Success" success="True" time="28.279" asserts="0">
                    <results>
                      <test-suite type="TestFixture" name="AutosurfacingModuleFeature" description="Autosurfacing Module" executed="True" result="Success" success="True" time="27.896" asserts="0">
                        <results>
                          <test-case name="Lloyds.Specifications.Specs._20Modules.AutosurfacingModuleFeature.ViewingArticlesAsFeatures" description="Viewing articles as features" executed="True" result="Success" success="True" time="16.474" asserts="44" />
                          <test-case name="Lloyds.Specifications.Specs._20Modules.AutosurfacingModuleFeature.ViewingArticlesAsHighLight" description="Viewing articles as HighLight" executed="True" result="Success" success="True" time="3.379" asserts="29" />
                          <test-case name="Lloyds.Specifications.Specs._20Modules.AutosurfacingModuleFeature.ViewingArticlesAsHotspots" description="Viewing articles as hotspots" executed="True" result="Success" success="True" time="2.634" asserts="4" />
                          <test-case name="Lloyds.Specifications.Specs._20Modules.AutosurfacingModuleFeature.ViewingArticlesAsLinks" description="Viewing articles as links" executed="True" result="Success" success="True" time="2.212" asserts="14" />
                          <test-case name="Lloyds.Specifications.Specs._20Modules.AutosurfacingModuleFeature.ViewingFutureArticlesOnly" description="Viewing future articles only" executed="True" result="Success" success="True" time="2.658" asserts="5" />
                        </results>
                      </test-suite>
                      <test-suite type="TestFixture" name="NestedContentHtmlModuleFeature" description="Nested Content Html Module" executed="True" result="Inconclusive" success="False" time="0.282" asserts="0">
                        <results>
                          <test-case name="Lloyds.Specifications.Specs._20Modules.NestedContentHtmlModuleFeature.ChapterContent" description="Chapter content" executed="True" result="Inconclusive" success="False" time="0.046" asserts="0">
                            <reason>
                              <message><![CDATA[No matching step definition found for one or more steps.
[Binding]
public class StepDefinitions
{
    [Given(@"I am on the Nested Html Module Test page")]
    public void GivenIAmOnTheNestedHtmlModuleTestPage()
    {
        ScenarioContext.Current.Pending();
    }
    
    [Then(@"I can see ""Html 1"" chapter content")]
    public void ThenICanSeeHtml1ChapterContent()
    {
        ScenarioContext.Current.Pending();
    }
    
    [Then(@"I can see ""Html 1"" item selected in navigation")]
    public void ThenICanSeeHtml1ItemSelectedInNavigation()
    {
        ScenarioContext.Current.Pending();
    }
    
    [Then(@"I can see 3 chapter titles")]
    public void ThenICanSee3ChapterTitles()
    {
        ScenarioContext.Current.Pending();
    }
    
    [Then(@"I can see Chapter bottom navigation ""Chapter title \| Html 2""")]
    public void ThenICanSeeChapterBottomNavigationChapterTitleHtml2()
    {
        ScenarioContext.Current.Pending();
    }
    
    [Then(@"I cannot see ""Html 2"" chapter content")]
    public void ThenICannotSeeHtml2ChapterContent()
    {
        ScenarioContext.Current.Pending();
    }
}
]]></message>
                            </reason>
                          </test-case>
                          <test-case name="Lloyds.Specifications.Specs._20Modules.NestedContentHtmlModuleFeature.ChapterNavigation" description="Chapter navigation" executed="True" result="Inconclusive" success="False" time="0.121" asserts="0">
                            <reason>
                              <message><![CDATA[No matching step definition found for one or more steps.
[Binding]
public class StepDefinitions
{
    [Given(@"I am on the Nested Html Module Test page")]
    public void GivenIAmOnTheNestedHtmlModuleTestPage()
    {
        ScenarioContext.Current.Pending();
    }
    
    [Then(@"I can see ""Html 2"" chapter content visible")]
    public void ThenICanSeeHtml2ChapterContentVisible()
    {
        ScenarioContext.Current.Pending();
    }
    
    [Then(@"I can see ""Html 2"" item selected")]
    public void ThenICanSeeHtml2ItemSelected()
    {
        ScenarioContext.Current.Pending();
    }
    
    [Then(@"I can see Chapter bottom navigation ""Html 1 \| Html 3""")]
    public void ThenICanSeeChapterBottomNavigationHtml1Html3()
    {
        ScenarioContext.Current.Pending();
    }
    
    [When(@"I view ""Html 2"" chapter")]
    public void WhenIViewHtml2Chapter()
    {
        ScenarioContext.Current.Pending();
    }
}
]]></message>
                            </reason>
                          </test-case>
                          <test-case name="Lloyds.Specifications.Specs._20Modules.NestedContentHtmlModuleFeature.ChapterViewingLastItem" description="Chapter viewing last item" executed="True" result="Inconclusive" success="False" time="0.007" asserts="0">
                            <reason>
                              <message><![CDATA[No matching step definition found for one or more steps.
[Binding]
public class StepDefinitions
{
    [Given(@"I am on the Nested Html Module Test page")]
    public void GivenIAmOnTheNestedHtmlModuleTestPage()
    {
        ScenarioContext.Current.Pending();
    }
    
    [When(@"I can see Chapter bottom navigation ""Html 2 \| End""")]
    public void WhenICanSeeChapterBottomNavigationHtml2End()
    {
        ScenarioContext.Current.Pending();
    }
    
    [When(@"I view ""Html 3"" chapter")]
    public void WhenIViewHtml3Chapter()
    {
        ScenarioContext.Current.Pending();
    }
}
]]></message>
                            </reason>
                          </test-case>
                          <test-case name="Lloyds.Specifications.Specs._20Modules.NestedContentHtmlModuleFeature.CollapseExpandedConcertinas" description="Collapse expanded concertinas" executed="True" result="Inconclusive" success="False" time="0.007" asserts="0">
                            <reason>
                              <message><![CDATA[No matching step definition found for one or more steps.
[Binding]
public class StepDefinitions
{
    [Given(@"I am on the Nested Html Module Test page")]
    public void GivenIAmOnTheNestedHtmlModuleTestPage()
    {
        ScenarioContext.Current.Pending();
    }
    
    [Then(@"""Html 1"" concertina item content is not visible")]
    public void ThenHtml1ConcertinaItemContentIsNotVisible()
    {
        ScenarioContext.Current.Pending();
    }
    
    [When(@"I collapse ""Html 1"" concertina item")]
    public void WhenICollapseHtml1ConcertinaItem()
    {
        ScenarioContext.Current.Pending();
    }
}
]]></message>
                            </reason>
                          </test-case>
                          <test-case name="Lloyds.Specifications.Specs._20Modules.NestedContentHtmlModuleFeature.ExpandCollapsedConcertinas" description="Expand collapsed concertinas" executed="True" result="Inconclusive" success="False" time="0.007" asserts="0">
                            <reason>
                              <message><![CDATA[No matching step definition found for one or more steps.
[Binding]
public class StepDefinitions
{
    [Given(@"I am on the Nested Html Module Test page")]
    public void GivenIAmOnTheNestedHtmlModuleTestPage()
    {
        ScenarioContext.Current.Pending();
    }
    
    [Then(@"""Html 2"" concertina item content is visible")]
    public void ThenHtml2ConcertinaItemContentIsVisible()
    {
        ScenarioContext.Current.Pending();
    }
    
    [When(@"I expand ""Html 2"" concertina item")]
    public void WhenIExpandHtml2ConcertinaItem()
    {
        ScenarioContext.Current.Pending();
    }
}
]]></message>
                            </reason>
                          </test-case>
                          <test-case name="Lloyds.Specifications.Specs._20Modules.NestedContentHtmlModuleFeature.HeadedGroup" description="Headed group" executed="True" result="Inconclusive" success="False" time="0.009" asserts="0">
                            <reason>
                              <message><![CDATA[No matching step definition found for one or more steps.
[Binding]
public class StepDefinitions
{
    [Given(@"I am on the Nested Html Module Test page")]
    public void GivenIAmOnTheNestedHtmlModuleTestPage()
    {
        ScenarioContext.Current.Pending();
    }
    
    [Then(@"for each headed group item I can see Content")]
    public void ThenForEachHeadedGroupItemICanSeeContent()
    {
        ScenarioContext.Current.Pending();
    }
    
    [Then(@"for each headed group item I can see Title")]
    public void ThenForEachHeadedGroupItemICanSeeTitle()
    {
        ScenarioContext.Current.Pending();
    }
    
    [Then(@"I can see 3 headed group items")]
    public void ThenICanSee3HeadedGroupItems()
    {
        ScenarioContext.Current.Pending();
    }
}
]]></message>
                            </reason>
                          </test-case>
                          <test-case name="Lloyds.Specifications.Specs._20Modules.NestedContentHtmlModuleFeature.HtmlConcertinaContent" description="Html Concertina content" executed="True" result="Inconclusive" success="False" time="0.013" asserts="0">
                            <reason>
                              <message><![CDATA[No matching step definition found for one or more steps.
[Binding]
public class StepDefinitions
{
    [Given(@"I am on the Nested Html Module Test page")]
    public void GivenIAmOnTheNestedHtmlModuleTestPage()
    {
        ScenarioContext.Current.Pending();
    }
    
    [Then(@"I can see ""Html 1"" concertina content")]
    public void ThenICanSeeHtml1ConcertinaContent()
    {
        ScenarioContext.Current.Pending();
    }
    
    [Then(@"I can see ""Html 1"" item selected")]
    public void ThenICanSeeHtml1ItemSelected()
    {
        ScenarioContext.Current.Pending();
    }
    
    [Then(@"I can see 3 concertina items")]
    public void ThenICanSee3ConcertinaItems()
    {
        ScenarioContext.Current.Pending();
    }
    
    [Then(@"I cannot see ""Html 2"" concertina content")]
    public void ThenICannotSeeHtml2ConcertinaContent()
    {
        ScenarioContext.Current.Pending();
    }
}
]]></message>
                            </reason>
                          </test-case>
                          <test-case name="Lloyds.Specifications.Specs._20Modules.NestedContentHtmlModuleFeature.NavigatingTabs" description="Navigating Tabs" executed="True" result="Inconclusive" success="False" time="0.010" asserts="0">
                            <reason>
                              <message><![CDATA[No matching step definition found for one or more steps.
[Binding]
public class StepDefinitions
{
    [Given(@"I am on the Nested Html Module Test page")]
    public void GivenIAmOnTheNestedHtmlModuleTestPage()
    {
        ScenarioContext.Current.Pending();
    }
    
    [Then(@"I can see ""Html 2"" tab content")]
    public void ThenICanSeeHtml2TabContent()
    {
        ScenarioContext.Current.Pending();
    }
    
    [Then(@"I can see ""Html 2"" tab selected")]
    public void ThenICanSeeHtml2TabSelected()
    {
        ScenarioContext.Current.Pending();
    }
    
    [When(@"I view ""Html 2"" tab")]
    public void WhenIViewHtml2Tab()
    {
        ScenarioContext.Current.Pending();
    }
}
]]></message>
                            </reason>
                          </test-case>
                          <test-case name="Lloyds.Specifications.Specs._20Modules.NestedContentHtmlModuleFeature.Tabs" description="Tabs" executed="True" result="Inconclusive" success="False" time="0.017" asserts="0">
                            <reason>
                              <message><![CDATA[No matching step definition found for one or more steps.
[Binding]
public class StepDefinitions
{
    [Given(@"I am on the Nested Html Module Test page")]
    public void GivenIAmOnTheNestedHtmlModuleTestPage()
    {
        ScenarioContext.Current.Pending();
    }
    
    [Then(@"I can see ""Html 1"" tab content")]
    public void ThenICanSeeHtml1TabContent()
    {
        ScenarioContext.Current.Pending();
    }
    
    [Then(@"I can see ""Html 1"" tab selected")]
    public void ThenICanSeeHtml1TabSelected()
    {
        ScenarioContext.Current.Pending();
    }
    
    [Then(@"I can see 3 tabs items")]
    public void ThenICanSee3TabsItems()
    {
        ScenarioContext.Current.Pending();
    }
    
    [Then(@"I cannot see ""Html 2"" tab content")]
    public void ThenICannotSeeHtml2TabContent()
    {
        ScenarioContext.Current.Pending();
    }
}
]]></message>
                            </reason>
                          </test-case>
                        </results>
                      </test-suite>
                      <test-suite type="TestFixture" name="SimpleModulesFeature" description="Simple modules" executed="True" result="Inconclusive" success="False" time="0.092" asserts="0">
                        <results>
                          <test-case name="Lloyds.Specifications.Specs._20Modules.SimpleModulesFeature.BannerModule" description="Banner module" executed="True" result="Inconclusive" success="False" time="0.014" asserts="0">
                            <reason>
                              <message><![CDATA[No matching step definition found for one or more steps.
[Binding]
public class StepDefinitions
{
    [Given(@"I am on Module hub test page")]
    public void GivenIAmOnModuleHubTestPage()
    {
        ScenarioContext.Current.Pending();
    }
    
    [Then(@"I can see banner module Banner")]
    public void ThenICanSeeBannerModuleBanner()
    {
        ScenarioContext.Current.Pending();
    }
    
    [Then(@"I can see banner module Link")]
    public void ThenICanSeeBannerModuleLink()
    {
        ScenarioContext.Current.Pending();
    }
    
    [Then(@"I can see banner module Subtitle")]
    public void ThenICanSeeBannerModuleSubtitle()
    {
        ScenarioContext.Current.Pending();
    }
    
    [Then(@"I can see banner module Summary")]
    public void ThenICanSeeBannerModuleSummary()
    {
        ScenarioContext.Current.Pending();
    }
    
    [Then(@"I can see banner module Title")]
    public void ThenICanSeeBannerModuleTitle()
    {
        ScenarioContext.Current.Pending();
    }
}
]]></message>
                            </reason>
                          </test-case>
                          <test-case name="Lloyds.Specifications.Specs._20Modules.SimpleModulesFeature.CallToActionModule" description="Call to Action module" executed="True" result="Inconclusive" success="False" time="0.011" asserts="0">
                            <reason>
                              <message><![CDATA[No matching step definition found for one or more steps.
[Binding]
public class StepDefinitions
{
    [Given(@"I am on Module hub test page")]
    public void GivenIAmOnModuleHubTestPage()
    {
        ScenarioContext.Current.Pending();
    }
    
    [Then(@"I can see call to action ""Go Home""")]
    public void ThenICanSeeCallToActionGoHome()
    {
        ScenarioContext.Current.Pending();
    }
    
    [Then(@"I can see call to action link")]
    public void ThenICanSeeCallToActionLink()
    {
        ScenarioContext.Current.Pending();
    }
    
    [Then(@"I can see module Title")]
    public void ThenICanSeeModuleTitle()
    {
        ScenarioContext.Current.Pending();
    }
}
]]></message>
                            </reason>
                          </test-case>
                          <test-case name="Lloyds.Specifications.Specs._20Modules.SimpleModulesFeature.FeatureModule" description="Feature module" executed="True" result="Inconclusive" success="False" time="0.017" asserts="0">
                            <reason>
                              <message><![CDATA[No matching step definition found for one or more steps.
[Binding]
public class StepDefinitions
{
    [Given(@"I am on Module hub test page")]
    public void GivenIAmOnModuleHubTestPage()
    {
        ScenarioContext.Current.Pending();
    }
    
    [Then(@"I can see Featured module article date")]
    public void ThenICanSeeFeaturedModuleArticleDate()
    {
        ScenarioContext.Current.Pending();
    }
    
    [Then(@"I can see Featured module article image")]
    public void ThenICanSeeFeaturedModuleArticleImage()
    {
        ScenarioContext.Current.Pending();
    }
    
    [Then(@"I can see Featured module article link")]
    public void ThenICanSeeFeaturedModuleArticleLink()
    {
        ScenarioContext.Current.Pending();
    }
    
    [Then(@"I can see Featured module article summary")]
    public void ThenICanSeeFeaturedModuleArticleSummary()
    {
        ScenarioContext.Current.Pending();
    }
    
    [Then(@"I can see Featured module article title")]
    public void ThenICanSeeFeaturedModuleArticleTitle()
    {
        ScenarioContext.Current.Pending();
    }
    
    [Then(@"I can see module Title")]
    public void ThenICanSeeModuleTitle()
    {
        ScenarioContext.Current.Pending();
    }
}
]]></message>
                            </reason>
                          </test-case>
                          <test-case name="Lloyds.Specifications.Specs._20Modules.SimpleModulesFeature.HtmlModule" description="Html module" executed="True" result="Inconclusive" success="False" time="0.008" asserts="0">
                            <reason>
                              <message><![CDATA[No matching step definition found for one or more steps.
[Binding]
public class StepDefinitions
{
    [Given(@"I am on Module hub test page")]
    public void GivenIAmOnModuleHubTestPage()
    {
        ScenarioContext.Current.Pending();
    }
    
    [Then(@"I can see Html module body contains ""Html copy test""")]
    public void ThenICanSeeHtmlModuleBodyContainsHtmlCopyTest()
    {
        ScenarioContext.Current.Pending();
    }
    
    [Then(@"I can see module Title")]
    public void ThenICanSeeModuleTitle()
    {
        ScenarioContext.Current.Pending();
    }
}
]]></message>
                            </reason>
                          </test-case>
                          <test-case name="Lloyds.Specifications.Specs._20Modules.SimpleModulesFeature.LinkModule" description="Link module" executed="True" result="Inconclusive" success="False" time="0.012" asserts="0">
                            <reason>
                              <message><![CDATA[No matching step definition found for one or more steps.
[Binding]
public class StepDefinitions
{
    [Given(@"I am on Module hub test page")]
    public void GivenIAmOnModuleHubTestPage()
    {
        ScenarioContext.Current.Pending();
    }
    
    [Then(@"I can see link module Image")]
    public void ThenICanSeeLinkModuleImage()
    {
        ScenarioContext.Current.Pending();
    }
    
    [Then(@"I can see link module Link")]
    public void ThenICanSeeLinkModuleLink()
    {
        ScenarioContext.Current.Pending();
    }
    
    [Then(@"I can see link module Summary")]
    public void ThenICanSeeLinkModuleSummary()
    {
        ScenarioContext.Current.Pending();
    }
    
    [Then(@"I can see link module Title")]
    public void ThenICanSeeLinkModuleTitle()
    {
        ScenarioContext.Current.Pending();
    }
}
]]></message>
                            </reason>
                          </test-case>
                          <test-case name="Lloyds.Specifications.Specs._20Modules.SimpleModulesFeature.ListingModuleNoRoot" description="Listing module no root" executed="True" result="Inconclusive" success="False" time="0.006" asserts="0">
                            <reason>
                              <message><![CDATA[No matching step definition found for one or more steps.
[Binding]
public class StepDefinitions
{
    [Given(@"I am on Module hub test page")]
    public void GivenIAmOnModuleHubTestPage()
    {
        ScenarioContext.Current.Pending();
    }
    
    [Then(@"I can see module Title")]
    public void ThenICanSeeModuleTitle()
    {
        ScenarioContext.Current.Pending();
    }
}
]]></message>
                            </reason>
                          </test-case>
                          <test-case name="Lloyds.Specifications.Specs._20Modules.SimpleModulesFeature.ListingModuleRoot" description="Listing module root" executed="True" result="Inconclusive" success="False" time="0.006" asserts="0">
                            <reason>
                              <message><![CDATA[No matching step definition found for one or more steps.
[Binding]
public class StepDefinitions
{
    [Given(@"I am on Module hub test page")]
    public void GivenIAmOnModuleHubTestPage()
    {
        ScenarioContext.Current.Pending();
    }
    
    [Then(@"I can see module Title")]
    public void ThenICanSeeModuleTitle()
    {
        ScenarioContext.Current.Pending();
    }
}
]]></message>
                            </reason>
                          </test-case>
                        </results>
                      </test-suite>
                    </results>
                  </test-suite>
                  <test-suite type="Namespace" name="_50MarketDirectories" executed="True" result="Success" success="True" time="148.247" asserts="0">
                    <results>
                      <test-suite type="TestFixture" name="ClassOfBusinessAsAUSUserFeature" description="Class of business as a US user" executed="True" result="Success" success="True" time="0.033" asserts="0">
                        <results>
                          <test-case name="Lloyds.Specifications.Specs._50MarketDirectories.ClassOfBusinessAsAUSUserFeature.ActivatingUsUser" description="Activating Us User" executed="True" result="Success" success="True" time="0.003" asserts="0">
                            <categories>
                              <category name="manual" />
                            </categories>
                          </test-case>
                          <test-case name="Lloyds.Specifications.Specs._50MarketDirectories.ClassOfBusinessAsAUSUserFeature.LoggingInWithAsAUsUser" description="Logging in with as a us user" executed="True" result="Success" success="True" time="0.003" asserts="0">
                            <categories>
                              <category name="manual" />
                            </categories>
                          </test-case>
                          <test-case name="Lloyds.Specifications.Specs._50MarketDirectories.ClassOfBusinessAsAUSUserFeature.RegisterAsAUSUser" description="Register as a US user" executed="True" result="Success" success="True" time="0.004" asserts="0">
                            <categories>
                              <category name="manual" />
                            </categories>
                          </test-case>
                          <test-case name="Lloyds.Specifications.Specs._50MarketDirectories.ClassOfBusinessAsAUSUserFeature.RegisteringAsAUSUser" description="Registering as a US user" executed="True" result="Success" success="True" time="0.014" asserts="0">
                            <categories>
                              <category name="manual" />
                            </categories>
                          </test-case>
                          <test-case name="Lloyds.Specifications.Specs._50MarketDirectories.ClassOfBusinessAsAUSUserFeature.TryingToRegisterWhenIAmNotAUSInsuranceProfessional" description="Trying to register when I am not a US insurance professional" executed="True" result="Success" success="True" time="0.003" asserts="0">
                            <categories>
                              <category name="manual" />
                            </categories>
                          </test-case>
                        </results>
                      </test-suite>
                      <test-suite type="TestFixture" name="ClassOfBusinessSearchFeature" description="Class of business search" executed="True" result="Success" success="True" time="34.424" asserts="0">
                        <results>
                          <test-case name="Lloyds.Specifications.Specs._50MarketDirectories.ClassOfBusinessSearchFeature.FindABrokerForm" description="Find a broker form" executed="True" result="Success" success="True" time="4.183" asserts="2">
                            <categories>
                              <category name="clearcookies" />
                            </categories>
                          </test-case>
                          <test-case name="Lloyds.Specifications.Specs._50MarketDirectories.ClassOfBusinessSearchFeature.NarrowingDownClassesOfBusiness" description="Narrowing down classes of business" executed="True" result="Success" success="True" time="4.543" asserts="1">
                            <categories>
                              <category name="clearcookies" />
                            </categories>
                          </test-case>
                          <test-case name="Lloyds.Specifications.Specs._50MarketDirectories.ClassOfBusinessSearchFeature.SearchingByCategory" description="Searching by category" executed="True" result="Success" success="True" time="13.213" asserts="1">
                            <categories>
                              <category name="clearcookies" />
                            </categories>
                          </test-case>
                          <test-case name="Lloyds.Specifications.Specs._50MarketDirectories.ClassOfBusinessSearchFeature.SearchingByClassOfBusiness" description="Searching by class of business" executed="True" result="Success" success="True" time="12.472" asserts="11">
                            <categories>
                              <category name="clearcookies" />
                            </categories>
                          </test-case>
                        </results>
                      </test-suite>
                      <test-suite type="TestFixture" name="ManagingAgentSearchFeature" description="Managing Agent search" executed="True" result="Success" success="True" time="34.899" asserts="0">
                        <results>
                          <test-case name="Lloyds.Specifications.Specs._50MarketDirectories.ManagingAgentSearchFeature.FilterManagingAgentsByLetter" description="Filter managing agents by letter" executed="True" result="Success" success="True" time="9.780" asserts="1" />
                          <test-case name="Lloyds.Specifications.Specs._50MarketDirectories.ManagingAgentSearchFeature.FilterManagingAgentsByName" description="Filter managing agents by name" executed="True" result="Success" success="True" time="9.373" asserts="1" />
                          <test-case name="Lloyds.Specifications.Specs._50MarketDirectories.ManagingAgentSearchFeature.FilterManagingAgentsBySyndicateNumber" description="Filter managing agents by syndicate number" executed="True" result="Success" success="True" time="11.752" asserts="1" />
                          <test-case name="Lloyds.Specifications.Specs._50MarketDirectories.ManagingAgentSearchFeature.ViewAListOfManagingAgents" description="View a list of managing agents" executed="True" result="Success" success="True" time="3.990" asserts="1" />
                        </results>
                      </test-suite>
                      <test-suite type="TestFixture" name="MarketDirectoriesHomepageFeature" description="Market directories homepage" executed="True" result="Success" success="True" time="46.736" asserts="0">
                        <results>
                          <test-case name="Lloyds.Specifications.Specs._50MarketDirectories.MarketDirectoriesHomepageFeature.Layout" description="Layout" executed="True" result="Success" success="True" time="2.770" asserts="2">
                            <categories>
                              <category name="clearcookies" />
                            </categories>
                          </test-case>
                          <test-case name="Lloyds.Specifications.Specs._50MarketDirectories.MarketDirectoriesHomepageFeature.SearchForBrokers" description="Search for Brokers" executed="True" result="Success" success="True" time="3.766" asserts="2">
                            <categories>
                              <category name="clearcookies" />
                            </categories>
                          </test-case>
                          <test-case name="Lloyds.Specifications.Specs._50MarketDirectories.MarketDirectoriesHomepageFeature.SearchForContacts" description="Search for contacts" executed="True" result="Success" success="True" time="5.677" asserts="1">
                            <categories>
                              <category name="clearcookies" />
                            </categories>
                          </test-case>
                          <test-case name="Lloyds.Specifications.Specs._50MarketDirectories.MarketDirectoriesHomepageFeature.SearchForCoverholders" description="Search for Coverholders" executed="True" result="Success" success="True" time="6.196" asserts="2">
                            <categories>
                              <category name="clearcookies" />
                            </categories>
                          </test-case>
                          <test-case name="Lloyds.Specifications.Specs._50MarketDirectories.MarketDirectoriesHomepageFeature.SearchForManagingAgents" description="Search for Managing Agents" executed="True" result="Success" success="True" time="3.323" asserts="2">
                            <categories>
                              <category name="clearcookies" />
                            </categories>
                          </test-case>
                          <test-case name="Lloyds.Specifications.Specs._50MarketDirectories.MarketDirectoriesHomepageFeature.SearchForMembersAgents" description="Search for Members' agents" executed="True" result="Success" success="True" time="3.651" asserts="2">
                            <categories>
                              <category name="clearcookies" />
                            </categories>
                          </test-case>
                          <test-case name="Lloyds.Specifications.Specs._50MarketDirectories.MarketDirectoriesHomepageFeature.SearchForOpenMarketCorrespondents" description="Search for Open Market correspondents" executed="True" result="Success" success="True" time="8.266" asserts="2">
                            <categories>
                              <category name="clearcookies" />
                            </categories>
                          </test-case>
                          <test-case name="Lloyds.Specifications.Specs._50MarketDirectories.MarketDirectoriesHomepageFeature.SearchForRun_OffBrokers" description="Search for Run-off Brokers" executed="True" result="Success" success="True" time="5.273" asserts="2">
                            <categories>
                              <category name="clearcookies" />
                            </categories>
                          </test-case>
                          <test-case name="Lloyds.Specifications.Specs._50MarketDirectories.MarketDirectoriesHomepageFeature.SearchWithoutSpecifyingEntityType" description="Search without specifying entity type" executed="True" result="Success" success="True" time="5.910" asserts="1">
                            <categories>
                              <category name="clearcookies" />
                            </categories>
                          </test-case>
                          <test-case name="Lloyds.Specifications.Specs._50MarketDirectories.MarketDirectoriesHomepageFeature.ViewingQuickSearch" description="Viewing quick search" executed="True" result="Success" success="True" time="1.895" asserts="2">
                            <categories>
                              <category name="clearcookies" />
                            </categories>
                          </test-case>
                        </results>
                      </test-suite>
                      <test-suite type="TestFixture" name="ViewingBrokersFeature" description="Viewing Brokers" executed="True" result="Success" success="True" time="32.149" asserts="0">
                        <results>
                          <test-case name="Lloyds.Specifications.Specs._50MarketDirectories.ViewingBrokersFeature.FilterByLetter" description="Filter by letter" executed="True" result="Success" success="True" time="11.420" asserts="6" />
                          <test-case name="Lloyds.Specifications.Specs._50MarketDirectories.ViewingBrokersFeature.FilterByName" description="Filter by name" executed="True" result="Success" success="True" time="11.322" asserts="1" />
                          <test-case name="Lloyds.Specifications.Specs._50MarketDirectories.ViewingBrokersFeature.FilterByNumber" description="Filter by Number" executed="True" result="Success" success="True" time="5.704" asserts="1" />
                          <test-case name="Lloyds.Specifications.Specs._50MarketDirectories.ViewingBrokersFeature.FilterByPseudonym" description="Filter by Pseudonym" executed="True" result="Success" success="True" time="3.697" asserts="1" />
                        </results>
                      </test-suite>
                    </results>
                  </test-suite>
                  <test-suite type="Namespace" name="_60DowJones" executed="True" result="Success" success="True" time="52.961" asserts="0">
                    <results>
                      <test-suite type="TestFixture" name="DowJonesNewsListFeature" description="Dow Jones news list" executed="True" result="Success" success="True" time="49.660" asserts="0">
                        <results>
                          <test-case name="Lloyds.Specifications.Specs._60DowJones.DowJonesNewsListFeature.ClearingFilter" description="Clearing filter" executed="True" result="Success" success="True" time="9.091" asserts="1" />
                          <test-case name="Lloyds.Specifications.Specs._60DowJones.DowJonesNewsListFeature.ClearingFilterControls" description="Clearing filter controls" executed="True" result="Success" success="True" time="5.538" asserts="2" />
                          <test-case name="Lloyds.Specifications.Specs._60DowJones.DowJonesNewsListFeature.FilterByBothCountryAndCategory" description="Filter by both country and category" executed="True" result="Success" success="True" time="7.383" asserts="2" />
                          <test-case name="Lloyds.Specifications.Specs._60DowJones.DowJonesNewsListFeature.FilterByCategory" description="Filter by category" executed="True" result="Success" success="True" time="5.603" asserts="12" />
                          <test-case name="Lloyds.Specifications.Specs._60DowJones.DowJonesNewsListFeature.FilterByCountry" description="Filter by country" executed="True" result="Success" success="True" time="7.573" asserts="1" />
                          <test-case name="Lloyds.Specifications.Specs._60DowJones.DowJonesNewsListFeature.SelectingCountriesFromTheAdvancedFilter" description="Selecting countries from the Advanced filter" executed="True" result="Success" success="True" time="0.010" asserts="0">
                            <categories>
                              <category name="manual" />
                            </categories>
                          </test-case>
                          <test-case name="Lloyds.Specifications.Specs._60DowJones.DowJonesNewsListFeature.ViewingAdvancedFilter" description="Viewing Advanced filter" executed="True" result="Success" success="True" time="4.360" asserts="1" />
                          <test-case name="Lloyds.Specifications.Specs._60DowJones.DowJonesNewsListFeature.ViewingMoreArticles" description="Viewing more articles" executed="True" result="Success" success="True" time="7.187" asserts="1" />
                          <test-case name="Lloyds.Specifications.Specs._60DowJones.DowJonesNewsListFeature.ViewListOfNews" description="View list of news" executed="True" result="Success" success="True" time="2.902" asserts="54" />
                        </results>
                      </test-suite>
                      <test-suite type="TestFixture" name="ViewingDowJonesArticleFeature" description="Viewing dow jones article" executed="True" result="Success" success="True" time="3.298" asserts="0">
                        <results>
                          <test-case name="Lloyds.Specifications.Specs._60DowJones.ViewingDowJonesArticleFeature.ViewingDowJonesArticle" description="Viewing dow Jones article" executed="True" result="Success" success="True" time="3.298" asserts="6" />
                        </results>
                      </test-suite>
                    </results>
                  </test-suite>
                  <test-suite type="Namespace" name="Components" executed="True" result="Success" success="True" time="38.453" asserts="0">
                    <results>
                      <test-suite type="TestFixture" name="LDCNavigationFeature" description="LDC Navigation" executed="True" result="Success" success="True" time="26.774" asserts="0">
                        <results>
                          <test-suite type="ParameterizedTest" name="Navigation" description="Navigation" executed="True" result="Success" success="True" time="16.931" asserts="0">
                            <results>
                              <test-case name="Lloyds.Specifications.Specs.Components.LDCNavigationFeature.Navigation(&quot;/&quot;,System.String[])" executed="True" result="Success" success="True" time="4.745" asserts="4" />
                              <test-case name="Lloyds.Specifications.Specs.Components.LDCNavigationFeature.Navigation(&quot;/Lloyds&quot;,System.String[])" executed="True" result="Success" success="True" time="1.739" asserts="4" />
                              <test-case name="Lloyds.Specifications.Specs.Components.LDCNavigationFeature.Navigation(&quot;/common/cookies&quot;,System.String[])" executed="True" result="Success" success="True" time="1.209" asserts="4" />
                              <test-case name="Lloyds.Specifications.Specs.Components.LDCNavigationFeature.Navigation(&quot;/The-Market&quot;,System.String[])" executed="True" result="Success" success="True" time="5.193" asserts="4" />
                              <test-case name="Lloyds.Specifications.Specs.Components.LDCNavigationFeature.Navigation(&quot;/News-and-Insight&quot;,System.String[])" executed="True" result="Success" success="True" time="4.038" asserts="4" />
                            </results>
                          </test-suite>
                          <test-case name="Lloyds.Specifications.Specs.Components.LDCNavigationFeature.SecondaryLevelDropdown" description="Secondary level dropdown" executed="True" result="Success" success="True" time="0.005" asserts="0">
                            <categories>
                              <category name="manual" />
                            </categories>
                          </test-case>
                          <test-case name="Lloyds.Specifications.Specs.Components.LDCNavigationFeature.SecondaryLevelForHomepage" description="Secondary level for homepage" executed="True" result="Success" success="True" time="2.217" asserts="1" />
                          <test-case name="Lloyds.Specifications.Specs.Components.LDCNavigationFeature.SecondaryLevelForNewsAndInsight" description="Secondary level for news and insight" executed="True" result="Success" success="True" time="3.714" asserts="1" />
                          <test-case name="Lloyds.Specifications.Specs.Components.LDCNavigationFeature.SecondaryLevelForTheMarket" description="Secondary level for the market" executed="True" result="Success" success="True" time="3.897" asserts="1" />
                        </results>
                      </test-suite>
                      <test-suite type="TestFixture" name="TableLayoutFeature" description="Table layout" executed="True" result="Success" success="True" time="11.675" asserts="0">
                        <results>
                          <test-case name="Lloyds.Specifications.Specs.Components.TableLayoutFeature.FilteringByDate" description="Filtering by date" executed="True" result="Success" success="True" time="4.360" asserts="2" />
                          <test-case name="Lloyds.Specifications.Specs.Components.TableLayoutFeature.NavigatingTablePages" description="Navigating table pages" executed="True" result="Success" success="True" time="2.269" asserts="2" />
                          <test-case name="Lloyds.Specifications.Specs.Components.TableLayoutFeature.OrderingByDateAscending" description="Ordering by date ascending" executed="True" result="Inconclusive" success="False" time="0.819" asserts="0">
                            <reason>
                              <message><![CDATA[No matching step definition found for one or more steps.
[Binding]
public class StepDefinitions
{
    [When(@"I order the articles by Date column")]
    public void WhenIOrderTheArticlesByDateColumn()
    {
        ScenarioContext.Current.Pending();
    }
}
]]></message>
                            </reason>
                          </test-case>
                          <test-case name="Lloyds.Specifications.Specs.Components.TableLayoutFeature.OrderingByTitleAscending" description="Ordering by title ascending" executed="True" result="Inconclusive" success="False" time="1.442" asserts="0">
                            <reason>
                              <message><![CDATA[No matching step definition found for one or more steps.
[Binding]
public class StepDefinitions
{
    [When(@"I order the articles by Title column")]
    public void WhenIOrderTheArticlesByTitleColumn()
    {
        ScenarioContext.Current.Pending();
    }
}
]]></message>
                            </reason>
                          </test-case>
                          <test-case name="Lloyds.Specifications.Specs.Components.TableLayoutFeature.OrderingByTitleDescending" description="Ordering by title descending" executed="True" result="Inconclusive" success="False" time="1.472" asserts="0">
                            <reason>
                              <message><![CDATA[No matching step definition found for one or more steps.
[Binding]
public class StepDefinitions
{
    [When(@"I order the articles by Title column again")]
    public void WhenIOrderTheArticlesByTitleColumnAgain()
    {
        ScenarioContext.Current.Pending();
    }
    
    [When(@"I order the articles by Title column")]
    public void WhenIOrderTheArticlesByTitleColumn()
    {
        ScenarioContext.Current.Pending();
    }
}
]]></message>
                            </reason>
                          </test-case>
                          <test-case name="Lloyds.Specifications.Specs.Components.TableLayoutFeature.ViewContentInATable" description="View content in a table" executed="True" result="Success" success="True" time="1.306" asserts="6" />
                        </results>
                      </test-suite>
                    </results>
                  </test-suite>
                  <test-suite type="Namespace" name="Pages" executed="True" result="Failure" success="False" time="648.995" asserts="0">
                    <results>
                      <test-suite type="Namespace" name="Blogs" executed="True" result="Success" success="True" time="50.139" asserts="0">
                        <results>
                          <test-suite type="TestFixture" name="BlogArticleFeature" description="Blog Article" executed="True" result="Success" success="True" time="6.609" asserts="0">
                            <results>
                              <test-case name="Lloyds.Specifications.Specs.Pages.Blogs.BlogArticleFeature.ViewingBlog" description="Viewing blog" executed="True" result="Success" success="True" time="6.608" asserts="12" />
                            </results>
                          </test-suite>
                          <test-suite type="TestFixture" name="BlogHomepageFeature" description="Blog Homepage" executed="True" result="Success" success="True" time="9.483" asserts="0">
                            <results>
                              <test-case name="Lloyds.Specifications.Specs.Pages.Blogs.BlogHomepageFeature.BrowseByAuthor" description="Browse by author" executed="True" result="Success" success="True" time="1.680" asserts="31" />
                              <test-case name="Lloyds.Specifications.Specs.Pages.Blogs.BlogHomepageFeature.Contact" description="Contact" executed="True" result="Success" success="True" time="2.405" asserts="7" />
                              <test-case name="Lloyds.Specifications.Specs.Pages.Blogs.BlogHomepageFeature.EditorSPick" description="Editor's pick" executed="True" result="Success" success="True" time="2.272" asserts="13" />
                              <test-case name="Lloyds.Specifications.Specs.Pages.Blogs.BlogHomepageFeature.HeaderImage" description="Header image" executed="True" result="Success" success="True" time="1.208" asserts="5" />
                              <test-case name="Lloyds.Specifications.Specs.Pages.Blogs.BlogHomepageFeature.LatestsPosts" description="Latests posts" executed="True" result="Success" success="True" time="1.913" asserts="71" />
                            </results>
                          </test-suite>
                          <test-suite type="TestFixture" name="BlogListingFeature" description="Blog listing" executed="True" result="Success" success="True" time="34.042" asserts="0">
                            <results>
                              <test-case name="Lloyds.Specifications.Specs.Pages.Blogs.BlogListingFeature.BlogsByAuthor" description="Blogs by author" executed="True" result="Success" success="True" time="7.188" asserts="5" />
                              <test-case name="Lloyds.Specifications.Specs.Pages.Blogs.BlogListingFeature.BlogsByTag" description="Blogs by tag" executed="True" result="Success" success="True" time="4.064" asserts="227" />
                              <test-case name="Lloyds.Specifications.Specs.Pages.Blogs.BlogListingFeature.BlogsByTeam" description="Blogs by team" executed="True" result="Success" success="True" time="10.561" asserts="253" />
                              <test-case name="Lloyds.Specifications.Specs.Pages.Blogs.BlogListingFeature.SearchByTag" description="Search by tag" executed="True" result="Success" success="True" time="12.226" asserts="267" />
                            </results>
                          </test-suite>
                        </results>
                      </test-suite>
                      <test-suite type="TestFixture" name="BrowseMarketBuletinsFeature" description="Browse Market buletins" executed="True" result="Success" success="True" time="19.398" asserts="0">
                        <results>
                          <test-case name="Lloyds.Specifications.Specs.Pages.BrowseMarketBuletinsFeature.FilterByCategory" description="Filter by category" executed="True" result="Success" success="True" time="4.305" asserts="6" />
                          <test-case name="Lloyds.Specifications.Specs.Pages.BrowseMarketBuletinsFeature.MarketBuletinArchive" description="Market buletin archive" executed="True" result="Success" success="True" time="5.896" asserts="42" />
                          <test-case name="Lloyds.Specifications.Specs.Pages.BrowseMarketBuletinsFeature.MarketBuletinSearchByKeyword" description="Market buletin search by keyword" executed="True" result="Success" success="True" time="5.247" asserts="12" />
                          <test-case name="Lloyds.Specifications.Specs.Pages.BrowseMarketBuletinsFeature.MarketBuletinSearchWithNoResults" description="Market buletin search with no results" executed="True" result="Success" success="True" time="3.944" asserts="1" />
                        </results>
                      </test-suite>
                      <test-suite type="TestFixture" name="BusinessTimetableFeature" description="Business timetable" executed="True" result="Failure" success="False" time="265.641" asserts="0">
                        <results>
                          <test-case name="Lloyds.Specifications.Specs.Pages.BusinessTimetableFeature.ClearActivisiesFilter" description="Clear Activisies filter" executed="True" result="Success" success="True" time="42.236" asserts="1" />
                          <test-case name="Lloyds.Specifications.Specs.Pages.BusinessTimetableFeature.ExpordToExcel" description="Expord to excel" executed="True" result="Success" success="True" time="12.960" asserts="1" />
                          <test-case name="Lloyds.Specifications.Specs.Pages.BusinessTimetableFeature.FilterActivities" description="Filter Activities" executed="True" result="Failure" success="False" time="20.476" asserts="1">
                            <failure>
                              <message><![CDATA[  Expected string length 0 but was 17. Strings differ at index 0.
  Expected: <string.Empty>
  But was:  "Agency agreements"
  -----------^
]]></message>
                              <stack-trace><![CDATA[at Lloyds.Specifications.Steps.Pages.BusinessTimetablePageSteps.ThenICanSeeTheFirstCategoryIsSelected() in c:\projects\LloydsTesting\src\Lloyds.Specifications\Steps\Pages\BusinessTimetablePageSteps.cs:line 163
at lambda_method(Closure , IContextManager )
at TechTalk.SpecFlow.Bindings.MethodBinding.InvokeAction(IContextManager contextManager, Object[] arguments, ITestTracer testTracer, TimeSpan& duration)
at TechTalk.SpecFlow.Bindings.StepDefinitionBinding.Invoke(IContextManager contextManager, ITestTracer testTracer, Object[] arguments, TimeSpan& duration)
at TechTalk.SpecFlow.Infrastructure.TestExecutionEngine.ExecuteStepMatch(BindingMatch match, Object[] arguments)
at TechTalk.SpecFlow.Infrastructure.TestExecutionEngine.ExecuteStep(StepArgs stepArgs)
at TechTalk.SpecFlow.Infrastructure.TestExecutionEngine.OnAfterLastStep()
at TechTalk.SpecFlow.TestRunner.CollectScenarioErrors()
at Lloyds.Specifications.Specs.Pages.BusinessTimetableFeature.ScenarioCleanup() in c:\projects\LloydsTesting\src\Lloyds.Specifications\Specs\Pages\BusinessTimetable.feature.cs:line 0
at Lloyds.Specifications.Specs.Pages.BusinessTimetableFeature.FilterActivities() in c:\projects\LloydsTesting\src\Lloyds.Specifications\Specs\Pages\BusinessTimetable.feature:line 17
]]></stack-trace>
                            </failure>
                          </test-case>
                          <test-case name="Lloyds.Specifications.Specs.Pages.BusinessTimetableFeature.NavigateBackByAWeek" description="Navigate back by a week" executed="True" result="Success" success="True" time="16.632" asserts="2" />
                          <test-case name="Lloyds.Specifications.Specs.Pages.BusinessTimetableFeature.NavigateBackByAYear" description="Navigate back by a year" executed="True" result="Success" success="True" time="21.030" asserts="1" />
                          <test-case name="Lloyds.Specifications.Specs.Pages.BusinessTimetableFeature.NavigateForwardByAWeek" description="Navigate forward by a week" executed="True" result="Success" success="True" time="20.336" asserts="2" />
                          <test-case name="Lloyds.Specifications.Specs.Pages.BusinessTimetableFeature.NavigateForwardByAYear" description="Navigate forward by a year" executed="True" result="Success" success="True" time="17.050" asserts="1" />
                          <test-case name="Lloyds.Specifications.Specs.Pages.BusinessTimetableFeature.ViewActivitiesAsAList" description="View activities as a list" executed="True" result="Success" success="True" time="24.859" asserts="1" />
                          <test-case name="Lloyds.Specifications.Specs.Pages.BusinessTimetableFeature.ViewActivitiesForTheCurrentWeek" description="View activities for the current week" executed="True" result="Success" success="True" time="32.632" asserts="1" />
                          <test-case name="Lloyds.Specifications.Specs.Pages.BusinessTimetableFeature.ViewCalendarOfTheCurrentWeek" description="View calendar of the current week" executed="True" result="Success" success="True" time="9.462" asserts="2" />
                          <test-case name="Lloyds.Specifications.Specs.Pages.BusinessTimetableFeature.ViewCurrentMonthsActivities" description="View current months activities" executed="True" result="Success" success="True" time="20.984" asserts="1" />
                          <test-case name="Lloyds.Specifications.Specs.Pages.BusinessTimetableFeature.ViewDeadlinesAsAnRssFeed" description="View deadlines as an rss feed" executed="True" result="Success" success="True" time="8.304" asserts="2" />
                          <test-case name="Lloyds.Specifications.Specs.Pages.BusinessTimetableFeature.ViewTodaysActivitiesOnly" description="View todays activities only" executed="True" result="Success" success="True" time="18.629" asserts="1" />
                        </results>
                      </test-suite>
                      <test-suite type="TestFixture" name="ContentPagesFeature" description="Content pages" executed="True" result="Inconclusive" success="False" time="0.001" asserts="0" />
                      <test-suite type="TestFixture" name="CorporationContactsFeature" description="Corporation contacts" executed="True" result="Success" success="True" time="22.859" asserts="0">
                        <results>
                          <test-case name="Lloyds.Specifications.Specs.Pages.CorporationContactsFeature.FilteringByMoreThanLocationAndDepartment" description="Filtering by more than location and department" executed="True" result="Success" success="True" time="6.216" asserts="3" />
                          <test-case name="Lloyds.Specifications.Specs.Pages.CorporationContactsFeature.FilteringContactsByDepartment" description="Filtering contacts by Department" executed="True" result="Success" success="True" time="3.761" asserts="2" />
                          <test-case name="Lloyds.Specifications.Specs.Pages.CorporationContactsFeature.FilteringContactsByFirstLetterOfTheLastName" description="Filtering contacts by first letter of the last name" executed="True" result="Success" success="True" time="3.345" asserts="1" />
                          <test-case name="Lloyds.Specifications.Specs.Pages.CorporationContactsFeature.FilteringContactsByLocation" description="Filtering contacts by Location" executed="True" result="Success" success="True" time="2.668" asserts="2" />
                          <test-case name="Lloyds.Specifications.Specs.Pages.CorporationContactsFeature.FilteringContactsByName" description="Filtering contacts by name" executed="True" result="Success" success="True" time="4.406" asserts="2" />
                          <test-case name="Lloyds.Specifications.Specs.Pages.CorporationContactsFeature.ViewingContactsDirectory" description="Viewing contacts directory" executed="True" result="Success" success="True" time="2.456" asserts="71" />
                        </results>
                      </test-suite>
                      <test-suite type="TestFixture" name="DisclaimerPopupFeature" description="Disclaimer popup" executed="True" result="Success" success="True" time="20.348" asserts="0">
                        <results>
                          <test-case name="Lloyds.Specifications.Specs.Pages.DisclaimerPopupFeature.AcceptingTheDisclaimer" description="Accepting the disclaimer" executed="True" result="Success" success="True" time="4.713" asserts="1">
                            <categories>
                              <category name="clearcookies" />
                            </categories>
                          </test-case>
                          <test-case name="Lloyds.Specifications.Specs.Pages.DisclaimerPopupFeature.DecliningTheDisclaimer" description="Declining the disclaimer" executed="True" result="Success" success="True" time="5.720" asserts="1">
                            <categories>
                              <category name="clearcookies" />
                            </categories>
                          </test-case>
                          <test-case name="Lloyds.Specifications.Specs.Pages.DisclaimerPopupFeature.DonTSeeTheDisclaimerTwice" description="Don't see the disclaimer twice" executed="True" result="Success" success="True" time="9.325" asserts="1">
                            <categories>
                              <category name="clearcookies" />
                            </categories>
                          </test-case>
                          <test-case name="Lloyds.Specifications.Specs.Pages.DisclaimerPopupFeature.ViewingDisclaimerPage" description="Viewing disclaimer page" executed="True" result="Success" success="True" time="0.584" asserts="5">
                            <categories>
                              <category name="clearcookies" />
                            </categories>
                          </test-case>
                        </results>
                      </test-suite>
                      <test-suite type="Namespace" name="Forms" executed="True" result="Success" success="True" time="4.350" asserts="0">
                        <results>
                          <test-suite type="TestFixture" name="FillingInAFormFeature" description="Filling in a form" executed="True" result="Success" success="True" time="4.350" asserts="0">
                            <results>
                              <test-case name="Lloyds.Specifications.Specs.Pages.Forms.FillingInAFormFeature.FormSubmission" description="Form submission" executed="True" result="Success" success="True" time="2.184" asserts="1" />
                              <test-case name="Lloyds.Specifications.Specs.Pages.Forms.FillingInAFormFeature.FormValidation" description="Form validation" executed="True" result="Success" success="True" time="2.163" asserts="3" />
                            </results>
                          </test-suite>
                        </results>
                      </test-suite>
                      <test-suite type="TestFixture" name="HomePageFeature" description="Home page" executed="True" result="Success" success="True" time="16.171" asserts="0">
                        <categories>
                          <category name="intercative" />
                        </categories>
                        <results>
                          <test-case name="Lloyds.Specifications.Specs.Pages.HomePageFeature.Carousel" description="Carousel" executed="True" result="Success" success="True" time="1.706" asserts="27" />
                          <test-case name="Lloyds.Specifications.Specs.Pages.HomePageFeature.CarouselNavigatingToNextSlide" description="Carousel navigating to next slide" executed="True" result="Success" success="True" time="3.549" asserts="1" />
                          <test-case name="Lloyds.Specifications.Specs.Pages.HomePageFeature.CarouselNavigatingToPreviousSlide" description="Carousel navigating to previous slide" executed="True" result="Success" success="True" time="3.865" asserts="1" />
                          <test-case name="Lloyds.Specifications.Specs.Pages.HomePageFeature.GlobalOffices" description="Global offices" executed="True" result="Success" success="True" time="1.236" asserts="1" />
                          <test-case name="Lloyds.Specifications.Specs.Pages.HomePageFeature.GlobalOfficesInteraction" description="Global offices interaction" executed="True" result="Success" success="True" time="1.617" asserts="1" />
                          <test-case name="Lloyds.Specifications.Specs.Pages.HomePageFeature.HomepageContentModules" description="Homepage content modules" executed="True" result="Success" success="True" time="2.382" asserts="3" />
                          <test-case name="Lloyds.Specifications.Specs.Pages.HomePageFeature.NewsOpinionModule" description="News &amp; Opinion module" executed="True" result="Success" success="True" time="1.808" asserts="3" />
                        </results>
                      </test-suite>
                      <test-suite type="TestFixture" name="HubpagesFeature" description="Hubpages" executed="True" result="Success" success="True" time="12.851" asserts="0">
                        <results>
                          <test-suite type="ParameterizedTest" name="HubPagesDisplayCorrectly" description="Hub pages display correctly" executed="True" result="Success" success="True" time="12.851" asserts="0">
                            <results>
                              <test-case name="Lloyds.Specifications.Specs.Pages.HubpagesFeature.HubPagesDisplayCorrectly(&quot;/The-Market&quot;,System.String[])" executed="True" result="Success" success="True" time="4.352" asserts="1" />
                              <test-case name="Lloyds.Specifications.Specs.Pages.HubpagesFeature.HubPagesDisplayCorrectly(&quot;/&quot;,System.String[])" executed="True" result="Success" success="True" time="2.879" asserts="1" />
                              <test-case name="Lloyds.Specifications.Specs.Pages.HubpagesFeature.HubPagesDisplayCorrectly(&quot;/Lloyds/About-us&quot;,System.String[])" executed="True" result="Success" success="True" time="3.982" asserts="1" />
                              <test-case name="Lloyds.Specifications.Specs.Pages.HubpagesFeature.HubPagesDisplayCorrectly(&quot;/News-and-Insight&quot;,System.String[])" executed="True" result="Success" success="True" time="1.634" asserts="1" />
                            </results>
                          </test-suite>
                        </results>
                      </test-suite>
                      <test-suite type="Namespace" name="MyLloyds" executed="True" result="Success" success="True" time="183.456" asserts="0">
                        <results>
                          <test-suite type="TestFixture" name="ActsAndByLawsModuleFeature" description="Acts and ByLaws module" executed="True" result="Success" success="True" time="12.026" asserts="0">
                            <results>
                              <test-case name="Lloyds.Specifications.Specs.Pages.MyLloyds.ActsAndByLawsModuleFeature.SearchActsAndByLawsFromTheMylloydsPage" description="Search acts and by laws from the Mylloyds page" executed="True" result="Success" success="True" time="12.025" asserts="2" />
                            </results>
                          </test-suite>
                          <test-suite type="TestFixture" name="BusinessTimetableModuleFeature" description="Business timetable module" executed="True" result="Success" success="True" time="22.791" asserts="0">
                            <results>
                              <test-case name="Lloyds.Specifications.Specs.Pages.MyLloyds.BusinessTimetableModuleFeature.FilteringBusinessTimetable" description="Filtering business timetable" executed="True" result="Success" success="True" time="9.159" asserts="3" />
                              <test-case name="Lloyds.Specifications.Specs.Pages.MyLloyds.BusinessTimetableModuleFeature.NavigatingBusinessTimetableModuleMonths" description="Navigating Business timetable module months" executed="True" result="Success" success="True" time="6.003" asserts="1" />
                              <test-case name="Lloyds.Specifications.Specs.Pages.MyLloyds.BusinessTimetableModuleFeature.NavigatingBusinessTimetableModuleMonthsPrevious" description="Navigating Business timetable module months previous" executed="True" result="Success" success="True" time="5.058" asserts="1" />
                              <test-case name="Lloyds.Specifications.Specs.Pages.MyLloyds.BusinessTimetableModuleFeature.ViewingBusinessTimetable" description="Viewing Business timetable" executed="True" result="Success" success="True" time="2.567" asserts="17" />
                            </results>
                          </test-suite>
                          <test-suite type="TestFixture" name="DashboardContentFeature" description="Dashboard content" executed="True" result="Success" success="True" time="100.611" asserts="0">
                            <results>
                              <test-case name="Lloyds.Specifications.Specs.Pages.MyLloyds.DashboardContentFeature.ChooseMyLloydsToBeMyHomePage" description="Choose my lloyds to be my home page" executed="True" result="Success" success="True" time="17.195" asserts="1" />
                              <test-case name="Lloyds.Specifications.Specs.Pages.MyLloyds.DashboardContentFeature.Header" description="Header" executed="True" result="Success" success="True" time="5.333" asserts="3">
                                <categories>
                                  <category name="clearcookies" />
                                </categories>
                              </test-case>
                              <test-case name="Lloyds.Specifications.Specs.Pages.MyLloyds.DashboardContentFeature.HideModulesFromMylloydsPage" description="Hide modules from mylloyds page" executed="True" result="Success" success="True" time="15.066" asserts="2">
                                <categories>
                                  <category name="clearcookies" />
                                </categories>
                              </test-case>
                              <test-case name="Lloyds.Specifications.Specs.Pages.MyLloyds.DashboardContentFeature.Modules" description="Modules" executed="True" result="Success" success="True" time="3.945" asserts="7">
                                <categories>
                                  <category name="clearcookies" />
                                </categories>
                              </test-case>
                              <test-case name="Lloyds.Specifications.Specs.Pages.MyLloyds.DashboardContentFeature.ResetingCustomisations" description="Reseting customisations" executed="True" result="Success" success="True" time="33.289" asserts="1">
                                <categories>
                                  <category name="clearcookies" />
                                </categories>
                              </test-case>
                              <test-case name="Lloyds.Specifications.Specs.Pages.MyLloyds.DashboardContentFeature.ShowModulesFromMylloydsPage" description="Show modules from mylloyds page" executed="True" result="Success" success="True" time="25.775" asserts="2">
                                <categories>
                                  <category name="clearcookies" />
                                </categories>
                              </test-case>
                            </results>
                          </test-suite>
                          <test-suite type="TestFixture" name="DirectoriesMylloydsModuleFeature" description="Directories Mylloyds module" executed="True" result="Success" success="True" time="48.022" asserts="0">
                            <results>
                              <test-case name="Lloyds.Specifications.Specs.Pages.MyLloyds.DirectoriesMylloydsModuleFeature.SearchBrokers" description="Search Brokers" executed="True" result="Success" success="True" time="14.777" asserts="2" />
                              <test-case name="Lloyds.Specifications.Specs.Pages.MyLloyds.DirectoriesMylloydsModuleFeature.SearchCoverholders" description="Search Coverholders" executed="True" result="Success" success="True" time="13.801" asserts="2" />
                              <test-case name="Lloyds.Specifications.Specs.Pages.MyLloyds.DirectoriesMylloydsModuleFeature.SearchManagingAgents" description="Search Managing agents" executed="True" result="Success" success="True" time="10.105" asserts="2" />
                              <test-case name="Lloyds.Specifications.Specs.Pages.MyLloyds.DirectoriesMylloydsModuleFeature.SearchOpenMarketCorrespondents" description="Search Open market correspondents" executed="True" result="Success" success="True" time="9.335" asserts="2" />
                            </results>
                          </test-suite>
                        </results>
                      </test-suite>
                      <test-suite type="Namespace" name="News" executed="True" result="Failure" success="False" time="25.954" asserts="0">
                        <results>
                          <test-suite type="TestFixture" name="NewsHomepageFeature" description="News Homepage" executed="True" result="Success" success="True" time="5.535" asserts="0">
                            <results>
                              <test-case name="Lloyds.Specifications.Specs.Pages.News.NewsHomepageFeature.LatestSection" description="Latest section" executed="True" result="Success" success="True" time="5.534" asserts="15" />
                            </results>
                          </test-suite>
                          <test-suite type="TestFixture" name="NewsListingPageFeature" description="News listing page" executed="True" result="Success" success="True" time="14.327" asserts="0">
                            <results>
                              <test-case name="Lloyds.Specifications.Specs.Pages.News.NewsListingPageFeature.FilterNewsByDate" description="Filter news by date" executed="True" result="Success" success="True" time="10.124" asserts="10" />
                              <test-case name="Lloyds.Specifications.Specs.Pages.News.NewsListingPageFeature.LloydsNewsListing" description="Lloyds news listing" executed="True" result="Success" success="True" time="2.379" asserts="61" />
                              <test-case name="Lloyds.Specifications.Specs.Pages.News.NewsListingPageFeature.Pagination" description="Pagination" executed="True" result="Success" success="True" time="1.821" asserts="6" />
                            </results>
                          </test-suite>
                          <test-suite type="TestFixture" name="NewsPageFeature" description="News page" executed="True" result="Failure" success="False" time="6.090" asserts="0">
                            <results>
                              <test-case name="Lloyds.Specifications.Specs.Pages.News.NewsPageFeature.NewsLayout" description="News layout" executed="True" result="Failure" success="False" time="6.088" asserts="9">
                                <failure>
                                  <message><![CDATA[  Expected: not null
  But was:  null
]]></message>
                                  <stack-trace><![CDATA[at Lloyds.Specifications.Steps.Pages.NewsArticlePageSteps.ThenICanSeeSEEALSOModuleOnTheRightHandSide(String moduleName) in c:\projects\LloydsTesting\src\Lloyds.Specifications\Steps\Pages\NewsArticlePageSteps.cs:line 27
at lambda_method(Closure , IContextManager , String )
at TechTalk.SpecFlow.Bindings.MethodBinding.InvokeAction(IContextManager contextManager, Object[] arguments, ITestTracer testTracer, TimeSpan& duration)
at TechTalk.SpecFlow.Bindings.StepDefinitionBinding.Invoke(IContextManager contextManager, ITestTracer testTracer, Object[] arguments, TimeSpan& duration)
at TechTalk.SpecFlow.Infrastructure.TestExecutionEngine.ExecuteStepMatch(BindingMatch match, Object[] arguments)
at TechTalk.SpecFlow.Infrastructure.TestExecutionEngine.ExecuteStep(StepArgs stepArgs)
at TechTalk.SpecFlow.Infrastructure.TestExecutionEngine.OnAfterLastStep()
at TechTalk.SpecFlow.TestRunner.CollectScenarioErrors()
at Lloyds.Specifications.Specs.Pages.News.NewsPageFeature.ScenarioCleanup() in c:\projects\LloydsTesting\src\Lloyds.Specifications\Specs\Pages\News\NewsPage.feature.cs:line 0
at Lloyds.Specifications.Specs.Pages.News.NewsPageFeature.NewsLayout() in c:\projects\LloydsTesting\src\Lloyds.Specifications\Specs\Pages\News\NewsPage.feature:line 12
]]></stack-trace>
                                </failure>
                              </test-case>
                            </results>
                          </test-suite>
                        </results>
                      </test-suite>
                      <test-suite type="TestFixture" name="RSSFeedsFeature" description="RSS feeds" executed="True" result="Success" success="True" time="17.271" asserts="0">
                        <results>
                          <test-case name="Lloyds.Specifications.Specs.Pages.RSSFeedsFeature.RSSMainPage" description="RSS main page" executed="True" result="Success" success="True" time="1.516" asserts="2" />
                          <test-suite type="ParameterizedTest" name="RSSNews" description="RSS news" executed="True" result="Success" success="True" time="15.752" asserts="0">
                            <results>
                              <test-case name="Lloyds.Specifications.Specs.Pages.RSSFeedsFeature.RSSNews(&quot;Lloyd\'s broker news&quot;,&quot;news&quot;,System.String[])" executed="True" result="Success" success="True" time="2.304" asserts="2" />
                              <test-case name="Lloyds.Specifications.Specs.Pages.RSSFeedsFeature.RSSNews(&quot;Lloyd\'s blog&quot;,&quot;blog articles&quot;,System.String[])" executed="True" result="Success" success="True" time="2.587" asserts="2" />
                              <test-case name="Lloyds.Specifications.Specs.Pages.RSSFeedsFeature.RSSNews(&quot;Lloyd\'s news and features&quot;,&quot;news and features&quot;,System.String[])" executed="True" result="Success" success="True" time="2.230" asserts="2" />
                              <test-case name="Lloyds.Specifications.Specs.Pages.RSSFeedsFeature.RSSNews(&quot;Lloyd\'s press releases&quot;,&quot;nothing&quot;,System.String[])" executed="True" result="Success" success="True" time="1.991" asserts="2" />
                              <test-case name="Lloyds.Specifications.Specs.Pages.RSSFeedsFeature.RSSNews(&quot;Lloyd\'s speeches&quot;,&quot;nothing&quot;,System.String[])" executed="True" result="Success" success="True" time="1.873" asserts="2" />
                              <test-case name="Lloyds.Specifications.Specs.Pages.RSSFeedsFeature.RSSNews(&quot;Lloyd\'s capacity auctions disclosures&quot;,&quot;nothing&quot;,System.String[])" executed="True" result="Success" success="True" time="2.259" asserts="2" />
                              <test-case name="Lloyds.Specifications.Specs.Pages.RSSFeedsFeature.RSSNews(&quot;Lloyd\'s business timetable deadlines&quot;,&quot;timetable deadlines&quot;,System.String[])" executed="True" result="Success" success="True" time="2.494" asserts="2" />
                            </results>
                          </test-suite>
                        </results>
                      </test-suite>
                      <test-suite type="TestFixture" name="SeechesTableFeature" description="Seeches table" executed="True" result="Success" success="True" time="1.955" asserts="0">
                        <results>
                          <test-case name="Lloyds.Specifications.Specs.Pages.SeechesTableFeature.ViewSpeechesInTable" description="View speeches in table" executed="True" result="Success" success="True" time="1.954" asserts="7" />
                        </results>
                      </test-suite>
                      <test-suite type="Namespace" name="Special" executed="True" result="Success" success="True" time="8.569" asserts="0">
                        <results>
                          <test-suite type="TestFixture" name="SearchFeature" description="Search" executed="True" result="Success" success="True" time="8.569" asserts="0">
                            <results>
                              <test-case name="Lloyds.Specifications.Specs.Pages.Special.SearchFeature.NavigationSearchPages" description="Navigation search pages" executed="True" result="Success" success="True" time="4.487" asserts="2" />
                              <test-case name="Lloyds.Specifications.Specs.Pages.Special.SearchFeature.Search" description="Search" executed="True" result="Success" success="True" time="4.079" asserts="55" />
                            </results>
                          </test-suite>
                        </results>
                      </test-suite>
                    </results>
                  </test-suite>
                </results>
              </test-suite>
            </results>
          </test-suite>
        </results>
      </test-suite>
    </results>
  </test-suite>
</test-results>